pdm.termui: ======== Start resolving requirements ========
pdm.termui:   ansimarkup==1.4.0
pdm.termui:   app-state==0.5
pdm.termui:   better-exceptions-fork==0.2.1.post6
pdm.termui:   certifi==2019.6.16
pdm.termui:   chardet==3.0.4
pdm.termui:   colorama==0.4.1
pdm.termui:   docutils==0.14
pdm.termui:   getinstance==0.4
pdm.termui:   h11==0.8.1
pdm.termui:   h2==3.1.0
pdm.termui:   hpack==3.0.0
pdm.termui:   httpx
pdm.termui:   hyperframe==5.2.0
pdm.termui:   idna==2.8
pdm.termui:   Kivy
pdm.termui:   Kivy-Garden==0.1.4
pdm.termui:   lockorator==0.1
pdm.termui:   loguru==0.2.5
pdm.termui:   minidjango==2.2.3.dev20190701035504
pdm.termui:   Pillow
pdm.termui:   plyer==1.4.0
pdm.termui:   Pygments==2.4.2
pdm.termui:   python-dateutil==2.8.0
pdm.termui:   pytz==2019.1
pdm.termui:   rfc3986==1.3.2
pdm.termui:   six==1.12.0
pdm.termui:   sniffio==1.1.0
pdm.termui:   sqlparse==0.3.0
pdm.termui:   Adding requirement python>=3.12
pdm.termui:   Adding requirement ansimarkup==1.4.0
pdm.termui:   Adding requirement app-state==0.5
pdm.termui:   Adding requirement better-exceptions-fork==0.2.1.post6
pdm.termui:   Adding requirement certifi==2019.6.16
pdm.termui:   Adding requirement chardet==3.0.4
pdm.termui:   Adding requirement colorama==0.4.1
pdm.termui:   Adding requirement docutils==0.14
pdm.termui:   Adding requirement getinstance==0.4
pdm.termui:   Adding requirement h11==0.8.1
pdm.termui:   Adding requirement h2==3.1.0
pdm.termui:   Adding requirement hpack==3.0.0
pdm.termui:   Adding requirement httpx
unearth.collector: Collecting links from https://pypi.org/simple/httpx/
unearth.evaluator: Skipping link <Link https://pypi.org/simple/httpx/ (from None)>: Not a file: 
unearth.auth: Found index url https://pypi.org/simple/
unearth.auth: Found credentials in index url for pypi.org
unearth.collector: Fetching HTML page https://pypi.org/simple/httpx/
unearth.evaluator: Skipping link <Link https://files.pythonhosted.org/packages/96/ef/4d9878e3fa50d0f439fe9ed3f26c5bb7d8298a4293d0499e1476b8b8d038/httpx-1.0.0b0-py3-none-any.whl (from https://pypi.org/simple/httpx/)>: Yanked due to True
unearth.evaluator: Skipping link <Link https://files.pythonhosted.org/packages/c4/47/8eae197ec4f96c188f0f920209df091a8a580e7a6f1aa066bc4b018cbe91/httpx-1.0.0b0.tar.gz (from https://pypi.org/simple/httpx/)>: Yanked due to True
pdm.termui:   Adding requirement hyperframe==5.2.0
pdm.termui:   Adding requirement idna==2.8
pdm.termui:   Adding requirement Kivy
pdm.termui:   Adding requirement Kivy-Garden==0.1.4
pdm.termui:   Adding requirement lockorator==0.1
pdm.termui:   Adding requirement loguru==0.2.5
pdm.termui:   Adding requirement minidjango==2.2.3.dev20190701035504
pdm.termui:   Adding requirement Pillow
pdm.termui:   Adding requirement plyer==1.4.0
pdm.termui:   Adding requirement Pygments==2.4.2
pdm.termui:   Adding requirement python-dateutil==2.8.0
pdm.termui:   Adding requirement pytz==2019.1
pdm.termui:   Adding requirement rfc3986==1.3.2
pdm.termui:   Adding requirement six==1.12.0
pdm.termui:   Adding requirement sniffio==1.1.0
pdm.termui:   Adding requirement sqlparse==0.3.0
pdm.termui: ======== Starting round 0 ========
unearth.collector: Collecting links from https://pypi.org/simple/ansimarkup/
unearth.evaluator: Skipping link <Link https://pypi.org/simple/ansimarkup/ (from None)>: Not a file: 
unearth.auth: Found index url https://pypi.org/simple/
unearth.auth: Found credentials in index url for pypi.org
unearth.collector: Fetching HTML page https://pypi.org/simple/ansimarkup/
unearth.evaluator: Skipping package Package(name='ansimarkup', version='2.1.0'): version doesn't match ==1.4.0
unearth.evaluator: Skipping package Package(name='ansimarkup', version='2.1.0'): version doesn't match ==1.4.0
unearth.evaluator: Skipping package Package(name='ansimarkup', version='2.0.0'): version doesn't match ==1.4.0
unearth.evaluator: Skipping package Package(name='ansimarkup', version='2.0.0'): version doesn't match ==1.4.0
unearth.evaluator: Skipping package Package(name='ansimarkup', version='1.5.0'): version doesn't match ==1.4.0
unearth.evaluator: Skipping package Package(name='ansimarkup', version='1.5.0'): version doesn't match ==1.4.0
unearth.evaluator: Skipping package Package(name='ansimarkup', version='1.4.1'): version doesn't match ==1.4.0
unearth.evaluator: Skipping package Package(name='ansimarkup', version='1.4.1'): version doesn't match ==1.4.0
unearth.collector: Collecting links from https://pypi.org/simple/app-state/
unearth.evaluator: Skipping link <Link https://pypi.org/simple/app-state/ (from None)>: Not a file: 
unearth.auth: Found index url https://pypi.org/simple/
unearth.auth: Found credentials in index url for pypi.org
unearth.collector: Fetching HTML page https://pypi.org/simple/app-state/
unearth.collector: Collecting links from https://pypi.org/simple/better-exceptions-fork/
unearth.evaluator: Skipping link <Link https://pypi.org/simple/better-exceptions-fork/ (from None)>: Not a file: 
unearth.auth: Found index url https://pypi.org/simple/
unearth.auth: Found credentials in index url for pypi.org
unearth.collector: Fetching HTML page https://pypi.org/simple/better-exceptions-fork/
pdm.termui: Using cached wheel: /home/u1/.cache/pdm/wheels/5d/72/2f/a53420821ba414938ca5989dbad8c59a7430dc4e27b382b046/better_exceptions_fork-0.2.1.post6-py3-none-any.whl
unearth.collector: Collecting links from https://pypi.org/simple/certifi/
unearth.evaluator: Skipping link <Link https://pypi.org/simple/certifi/ (from None)>: Not a file: 
unearth.auth: Found index url https://pypi.org/simple/
unearth.auth: Found credentials in index url for pypi.org
unearth.collector: Fetching HTML page https://pypi.org/simple/certifi/
unearth.evaluator: Skipping package Package(name='certifi', version='2024.8.30'): version doesn't match ==2019.6.16
unearth.evaluator: Skipping package Package(name='certifi', version='2024.8.30'): version doesn't match ==2019.6.16
unearth.evaluator: Skipping package Package(name='certifi', version='2024.7.4'): version doesn't match ==2019.6.16
unearth.evaluator: Skipping package Package(name='certifi', version='2024.7.4'): version doesn't match ==2019.6.16
unearth.evaluator: Skipping package Package(name='certifi', version='2024.6.2'): version doesn't match ==2019.6.16
unearth.evaluator: Skipping package Package(name='certifi', version='2024.6.2'): version doesn't match ==2019.6.16
unearth.evaluator: Skipping package Package(name='certifi', version='2024.2.2'): version doesn't match ==2019.6.16
unearth.evaluator: Skipping package Package(name='certifi', version='2024.2.2'): version doesn't match ==2019.6.16
unearth.evaluator: Skipping package Package(name='certifi', version='2023.11.17'): version doesn't match ==2019.6.16
unearth.evaluator: Skipping package Package(name='certifi', version='2023.11.17'): version doesn't match ==2019.6.16
unearth.evaluator: Skipping package Package(name='certifi', version='2023.7.22'): version doesn't match ==2019.6.16
unearth.evaluator: Skipping package Package(name='certifi', version='2023.7.22'): version doesn't match ==2019.6.16
unearth.evaluator: Skipping package Package(name='certifi', version='2023.5.7'): version doesn't match ==2019.6.16
unearth.evaluator: Skipping package Package(name='certifi', version='2023.5.7'): version doesn't match ==2019.6.16
unearth.evaluator: Skipping package Package(name='certifi', version='2022.12.7'): version doesn't match ==2019.6.16
unearth.evaluator: Skipping package Package(name='certifi', version='2022.12.7'): version doesn't match ==2019.6.16
unearth.evaluator: Skipping package Package(name='certifi', version='2022.9.24'): version doesn't match ==2019.6.16
unearth.evaluator: Skipping package Package(name='certifi', version='2022.9.24'): version doesn't match ==2019.6.16
unearth.evaluator: Skipping package Package(name='certifi', version='2022.9.14'): version doesn't match ==2019.6.16
unearth.evaluator: Skipping package Package(name='certifi', version='2022.9.14'): version doesn't match ==2019.6.16
unearth.evaluator: Skipping package Package(name='certifi', version='2022.6.15.2'): version doesn't match ==2019.6.16
unearth.evaluator: Skipping package Package(name='certifi', version='2022.6.15.2'): version doesn't match ==2019.6.16
unearth.evaluator: Skipping package Package(name='certifi', version='2022.6.15.1'): version doesn't match ==2019.6.16
unearth.evaluator: Skipping package Package(name='certifi', version='2022.6.15.1'): version doesn't match ==2019.6.16
unearth.evaluator: Skipping package Package(name='certifi', version='2022.6.15'): version doesn't match ==2019.6.16
unearth.evaluator: Skipping package Package(name='certifi', version='2022.6.15'): version doesn't match ==2019.6.16
unearth.evaluator: Skipping package Package(name='certifi', version='2022.5.18.1'): version doesn't match ==2019.6.16
unearth.evaluator: Skipping package Package(name='certifi', version='2022.5.18.1'): version doesn't match ==2019.6.16
unearth.evaluator: Skipping package Package(name='certifi', version='2021.10.8'): version doesn't match ==2019.6.16
unearth.evaluator: Skipping package Package(name='certifi', version='2021.10.8'): version doesn't match ==2019.6.16
unearth.evaluator: Skipping package Package(name='certifi', version='2021.5.30'): version doesn't match ==2019.6.16
unearth.evaluator: Skipping package Package(name='certifi', version='2021.5.30'): version doesn't match ==2019.6.16
unearth.evaluator: Skipping package Package(name='certifi', version='2020.12.5'): version doesn't match ==2019.6.16
unearth.evaluator: Skipping package Package(name='certifi', version='2020.12.5'): version doesn't match ==2019.6.16
unearth.evaluator: Skipping package Package(name='certifi', version='2020.11.8'): version doesn't match ==2019.6.16
unearth.evaluator: Skipping package Package(name='certifi', version='2020.11.8'): version doesn't match ==2019.6.16
unearth.evaluator: Skipping package Package(name='certifi', version='2020.6.20'): version doesn't match ==2019.6.16
unearth.evaluator: Skipping package Package(name='certifi', version='2020.6.20'): version doesn't match ==2019.6.16
unearth.evaluator: Skipping package Package(name='certifi', version='2020.4.5.2'): version doesn't match ==2019.6.16
unearth.evaluator: Skipping package Package(name='certifi', version='2020.4.5.2'): version doesn't match ==2019.6.16
unearth.evaluator: Skipping package Package(name='certifi', version='2020.4.5.1'): version doesn't match ==2019.6.16
unearth.evaluator: Skipping package Package(name='certifi', version='2020.4.5.1'): version doesn't match ==2019.6.16
unearth.evaluator: Skipping package Package(name='certifi', version='2020.4.5'): version doesn't match ==2019.6.16
unearth.evaluator: Skipping package Package(name='certifi', version='2020.4.5'): version doesn't match ==2019.6.16
unearth.evaluator: Skipping package Package(name='certifi', version='2019.11.28'): version doesn't match ==2019.6.16
unearth.evaluator: Skipping package Package(name='certifi', version='2019.11.28'): version doesn't match ==2019.6.16
unearth.evaluator: Skipping package Package(name='certifi', version='2019.9.11'): version doesn't match ==2019.6.16
unearth.evaluator: Skipping package Package(name='certifi', version='2019.9.11'): version doesn't match ==2019.6.16
unearth.collector: Collecting links from https://pypi.org/simple/chardet/
unearth.evaluator: Skipping link <Link https://pypi.org/simple/chardet/ (from None)>: Not a file: 
unearth.auth: Found index url https://pypi.org/simple/
unearth.auth: Found credentials in index url for pypi.org
unearth.collector: Fetching HTML page https://pypi.org/simple/chardet/
unearth.evaluator: Skipping link <Link https://files.pythonhosted.org/packages/ec/32/19eab081980cc61aa8d49c44930cf897c1dbce6888579743aed12140810a/chardet-1.0.1-py2.4.egg (from https://pypi.org/simple/chardet/)>: Unsupported archive format: chardet-1.0.1-py2.4.egg
unearth.evaluator: Skipping link <Link https://files.pythonhosted.org/packages/d4/bc/c1b877d19bc02610873a21cc3978260008c2839acac36772dd29c1f78316/chardet-1.0.1-py2.5.egg (from https://pypi.org/simple/chardet/)>: Unsupported archive format: chardet-1.0.1-py2.5.egg
unearth.evaluator: Skipping package Package(name='chardet', version='5.2.0'): version doesn't match ==3.0.4
unearth.evaluator: Skipping package Package(name='chardet', version='5.2.0'): version doesn't match ==3.0.4
unearth.evaluator: Skipping package Package(name='chardet', version='5.1.0'): version doesn't match ==3.0.4
unearth.evaluator: Skipping package Package(name='chardet', version='5.1.0'): version doesn't match ==3.0.4
unearth.evaluator: Skipping package Package(name='chardet', version='5.0.0'): version doesn't match ==3.0.4
unearth.evaluator: Skipping package Package(name='chardet', version='5.0.0'): version doesn't match ==3.0.4
unearth.evaluator: Skipping package Package(name='chardet', version='4.0.0'): version doesn't match ==3.0.4
unearth.evaluator: Skipping package Package(name='chardet', version='4.0.0'): version doesn't match ==3.0.4
unearth.collector: Collecting links from https://pypi.org/simple/colorama/
unearth.evaluator: Skipping link <Link https://pypi.org/simple/colorama/ (from None)>: Not a file: 
unearth.auth: Found index url https://pypi.org/simple/
unearth.auth: Found credentials in index url for pypi.org
unearth.collector: Fetching HTML page https://pypi.org/simple/colorama/
unearth.evaluator: Skipping package Package(name='colorama', version='0.4.6'): version doesn't match ==0.4.1
unearth.evaluator: Skipping package Package(name='colorama', version='0.4.6'): version doesn't match ==0.4.1
unearth.evaluator: Skipping package Package(name='colorama', version='0.4.6rc1'): version doesn't match ==0.4.1
unearth.evaluator: Skipping package Package(name='colorama', version='0.4.6rc1'): version doesn't match ==0.4.1
unearth.evaluator: Skipping package Package(name='colorama', version='0.4.5'): version doesn't match ==0.4.1
unearth.evaluator: Skipping package Package(name='colorama', version='0.4.5'): version doesn't match ==0.4.1
unearth.evaluator: Skipping package Package(name='colorama', version='0.4.5rc1'): version doesn't match ==0.4.1
unearth.evaluator: Skipping package Package(name='colorama', version='0.4.5rc1'): version doesn't match ==0.4.1
unearth.evaluator: Skipping package Package(name='colorama', version='0.4.4'): version doesn't match ==0.4.1
unearth.evaluator: Skipping package Package(name='colorama', version='0.4.4'): version doesn't match ==0.4.1
unearth.evaluator: Skipping package Package(name='colorama', version='0.4.3'): version doesn't match ==0.4.1
unearth.evaluator: Skipping package Package(name='colorama', version='0.4.3'): version doesn't match ==0.4.1
unearth.collector: Collecting links from https://pypi.org/simple/docutils/
unearth.evaluator: Skipping link <Link https://pypi.org/simple/docutils/ (from None)>: Not a file: 
unearth.auth: Found index url https://pypi.org/simple/
unearth.auth: Found credentials in index url for pypi.org
unearth.collector: Fetching HTML page https://pypi.org/simple/docutils/
unearth.evaluator: Skipping link <Link https://files.pythonhosted.org/packages/5f/6d/e864b3c61b81eec57386ac62082fccfe694c7c3046d8723258a37da6d5fc/docutils-0.13.1-py2-none-any.whl (from https://pypi.org/simple/docutils/)>: The wheel file docutils-0.13.1-py2-none-any.whl is not compatible with the target environment (>=3.12).
unearth.evaluator: Skipping link <Link https://files.pythonhosted.org/packages/50/09/c53398e0005b11f7ffb27b7aa720c617aba53be4fb4f4f3f06b9b5c60f28/docutils-0.14-py2-none-any.whl (from https://pypi.org/simple/docutils/)>: The wheel file docutils-0.14-py2-none-any.whl is not compatible with the target environment (>=3.12).
unearth.evaluator: Skipping link <Link https://files.pythonhosted.org/packages/d2/d8/06e83efbfafab5d342df8835f3aa81c1dbfadedbea39cc2d2f93742938a4/docutils-0.15.post1-py2-none-any.whl (from https://pypi.org/simple/docutils/)>: The wheel file docutils-0.15.post1-py2-none-any.whl is not compatible with the target environment (>=3.12).
unearth.evaluator: Skipping link <Link https://files.pythonhosted.org/packages/d4/12/6c3fd74a590c7327c98cae008c11d536029fa9cd7924de477e8cb8804186/docutils-0.15.1-post1.tar.gz (from https://pypi.org/simple/docutils/)>: The package name doesn't match docutils-0.15.1-post1, set env var UNEARTH_LOOSE_FILENAME=1 to allow legacy filename.
unearth.evaluator: Skipping link <Link https://files.pythonhosted.org/packages/6d/a3/cff8153acdac3af2349b3dfe4ea2fda8889aac7990d8fe16c1c5f1a6b7a7/docutils-0.15.1-py2-none-any.whl (from https://pypi.org/simple/docutils/)>: The wheel file docutils-0.15.1-py2-none-any.whl is not compatible with the target environment (>=3.12).
unearth.evaluator: Skipping link <Link https://files.pythonhosted.org/packages/3a/dc/bf2b15d1fa15a6f7a9e77a61b74ecbbae7258558fcda8ffc9a6638a6b327/docutils-0.15.2-py2-none-any.whl (from https://pypi.org/simple/docutils/)>: The wheel file docutils-0.15.2-py2-none-any.whl is not compatible with the target environment (>=3.12).
unearth.evaluator: Skipping package Package(name='docutils', version='0.21.2'): version doesn't match ==0.14
unearth.evaluator: Skipping package Package(name='docutils', version='0.21.2'): version doesn't match ==0.14
unearth.evaluator: Skipping package Package(name='docutils', version='0.21.1'): version doesn't match ==0.14
unearth.evaluator: Skipping package Package(name='docutils', version='0.21.1'): version doesn't match ==0.14
unearth.evaluator: Skipping package Package(name='docutils', version='0.21.post1'): version doesn't match ==0.14
unearth.evaluator: Skipping package Package(name='docutils', version='0.21'): version doesn't match ==0.14
unearth.evaluator: Skipping package Package(name='docutils', version='0.21rc1'): version doesn't match ==0.14
unearth.evaluator: Skipping package Package(name='docutils', version='0.21rc1'): version doesn't match ==0.14
unearth.evaluator: Skipping package Package(name='docutils', version='0.20.1'): version doesn't match ==0.14
unearth.evaluator: Skipping package Package(name='docutils', version='0.20.1'): version doesn't match ==0.14
unearth.evaluator: Skipping package Package(name='docutils', version='0.20'): version doesn't match ==0.14
unearth.evaluator: Skipping package Package(name='docutils', version='0.20'): version doesn't match ==0.14
unearth.evaluator: Skipping package Package(name='docutils', version='0.20rc1'): version doesn't match ==0.14
unearth.evaluator: Skipping package Package(name='docutils', version='0.20rc1'): version doesn't match ==0.14
unearth.evaluator: Skipping package Package(name='docutils', version='0.19'): version doesn't match ==0.14
unearth.evaluator: Skipping package Package(name='docutils', version='0.19'): version doesn't match ==0.14
unearth.evaluator: Skipping package Package(name='docutils', version='0.19b1'): version doesn't match ==0.14
unearth.evaluator: Skipping package Package(name='docutils', version='0.19b1'): version doesn't match ==0.14
unearth.evaluator: Skipping package Package(name='docutils', version='0.18.1'): version doesn't match ==0.14
unearth.evaluator: Skipping package Package(name='docutils', version='0.18.1'): version doesn't match ==0.14
unearth.evaluator: Skipping package Package(name='docutils', version='0.18.1b0'): version doesn't match ==0.14
unearth.evaluator: Skipping package Package(name='docutils', version='0.18.1b0'): version doesn't match ==0.14
unearth.evaluator: Skipping package Package(name='docutils', version='0.18'): version doesn't match ==0.14
unearth.evaluator: Skipping package Package(name='docutils', version='0.18'): version doesn't match ==0.14
unearth.evaluator: Skipping package Package(name='docutils', version='0.18b1'): version doesn't match ==0.14
unearth.evaluator: Skipping package Package(name='docutils', version='0.18b1'): version doesn't match ==0.14
unearth.evaluator: Skipping package Package(name='docutils', version='0.17.1'): version doesn't match ==0.14
unearth.evaluator: Skipping package Package(name='docutils', version='0.17.1'): version doesn't match ==0.14
unearth.evaluator: Skipping package Package(name='docutils', version='0.17.1b1.dev0'): version doesn't match ==0.14
unearth.evaluator: Skipping package Package(name='docutils', version='0.17.1b1.dev0'): version doesn't match ==0.14
unearth.evaluator: Skipping package Package(name='docutils', version='0.17'): version doesn't match ==0.14
unearth.evaluator: Skipping package Package(name='docutils', version='0.17'): version doesn't match ==0.14
unearth.evaluator: Skipping package Package(name='docutils', version='0.17b1'): version doesn't match ==0.14
unearth.evaluator: Skipping package Package(name='docutils', version='0.17b1'): version doesn't match ==0.14
unearth.evaluator: Skipping package Package(name='docutils', version='0.16'): version doesn't match ==0.14
unearth.evaluator: Skipping package Package(name='docutils', version='0.16'): version doesn't match ==0.14
unearth.evaluator: Skipping package Package(name='docutils', version='0.16rc1'): version doesn't match ==0.14
unearth.evaluator: Skipping package Package(name='docutils', version='0.16rc1'): version doesn't match ==0.14
unearth.evaluator: Skipping package Package(name='docutils', version='0.16b0.dev0'): version doesn't match ==0.14
unearth.evaluator: Skipping package Package(name='docutils', version='0.16b0.dev0'): version doesn't match ==0.14
unearth.evaluator: Skipping package Package(name='docutils', version='0.15.2'): version doesn't match ==0.14
unearth.evaluator: Skipping package Package(name='docutils', version='0.15.2'): version doesn't match ==0.14
unearth.evaluator: Skipping package Package(name='docutils', version='0.15'): version doesn't match ==0.14
unearth.evaluator: Skipping package Package(name='docutils', version='0.15'): version doesn't match ==0.14
unearth.collector: Collecting links from https://pypi.org/simple/getinstance/
unearth.evaluator: Skipping link <Link https://pypi.org/simple/getinstance/ (from None)>: Not a file: 
unearth.auth: Found index url https://pypi.org/simple/
unearth.auth: Found credentials in index url for pypi.org
unearth.collector: Fetching HTML page https://pypi.org/simple/getinstance/
unearth.evaluator: Skipping package Package(name='getinstance', version='0.7'): version doesn't match ==0.4
unearth.evaluator: Skipping package Package(name='getinstance', version='0.7'): version doesn't match ==0.4
unearth.evaluator: Skipping package Package(name='getinstance', version='0.6'): version doesn't match ==0.4
unearth.evaluator: Skipping package Package(name='getinstance', version='0.6'): version doesn't match ==0.4
unearth.evaluator: Skipping package Package(name='getinstance', version='0.5'): version doesn't match ==0.4
unearth.evaluator: Skipping package Package(name='getinstance', version='0.5'): version doesn't match ==0.4
unearth.collector: Collecting links from https://pypi.org/simple/h11/
unearth.evaluator: Skipping link <Link https://pypi.org/simple/h11/ (from None)>: Not a file: 
unearth.auth: Found index url https://pypi.org/simple/
unearth.auth: Found credentials in index url for pypi.org
pdm.termui: Error occurs
Traceback (most recent call last):
  File "/home/u1/.local/lib/python3.11/site-packages/pdm/termui.py", line 260, in logging
    yield logger
  File "/home/u1/.local/lib/python3.11/site-packages/pdm/cli/actions.py", line 133, in do_lock
    resolved, collected_groups = resolver.resolve()
                                 ^^^^^^^^^^^^^^^^^^
  File "/home/u1/.local/lib/python3.11/site-packages/pdm/resolver/resolvelib.py", line 51, in resolve
    mapping = self._do_resolve()
              ^^^^^^^^^^^^^^^^^^
  File "/home/u1/.local/lib/python3.11/site-packages/pdm/resolver/resolvelib.py", line 89, in _do_resolve
    result = resolver.resolve(requirements, max_rounds)
             ^^^^^^^^^^^^^^^^^^^^^^^^^^^^^^^^^^^^^^^^^^
  File "/home/u1/.local/lib/python3.11/site-packages/resolvelib/resolvers/resolution.py", line 515, in resolve
    state = resolution.resolve(requirements, max_rounds=max_rounds)
            ^^^^^^^^^^^^^^^^^^^^^^^^^^^^^^^^^^^^^^^^^^^^^^^^^^^^^^^
  File "/home/u1/.local/lib/python3.11/site-packages/resolvelib/resolvers/resolution.py", line 440, in resolve
    name = min(narrowed_unstatisfied_names, key=self._get_preference)
           ^^^^^^^^^^^^^^^^^^^^^^^^^^^^^^^^^^^^^^^^^^^^^^^^^^^^^^^^^^
  File "/home/u1/.local/lib/python3.11/site-packages/resolvelib/resolvers/resolution.py", line 173, in _get_preference
    return self._p.get_preference(
           ^^^^^^^^^^^^^^^^^^^^^^^
  File "/home/u1/.local/lib/python3.11/site-packages/pdm/resolver/providers.py", line 108, in get_preference
    deps = self.get_dependencies(candidate)
           ^^^^^^^^^^^^^^^^^^^^^^^^^^^^^^^^
  File "/home/u1/.local/lib/python3.11/site-packages/pdm/resolver/providers.py", line 269, in get_dependencies
    deps, requires_python, _ = self.repository.get_dependencies(candidate)
                               ^^^^^^^^^^^^^^^^^^^^^^^^^^^^^^^^^^^^^^^^^^^
  File "/home/u1/.local/lib/python3.11/site-packages/pdm/models/repositories/base.py", line 102, in get_dependencies
    requirements, requires_python, summary = getter(candidate)
                                             ^^^^^^^^^^^^^^^^^
  File "/home/u1/.local/lib/python3.11/site-packages/pdm/models/repositories/base.py", line 41, in wrapper
    result = func(self, candidate)
             ^^^^^^^^^^^^^^^^^^^^^
  File "/home/u1/.local/lib/python3.11/site-packages/pdm/models/repositories/base.py", line 280, in _get_dependencies_from_metadata
    deps = prepared.get_dependencies_from_metadata()
           ^^^^^^^^^^^^^^^^^^^^^^^^^^^^^^^^^^^^^^^^^
  File "/home/u1/.local/lib/python3.11/site-packages/pdm/models/candidates.py", line 616, in get_dependencies_from_metadata
    return filter_requirements_with_extras(self.metadata.requires or [], extras)
                                           ^^^^^^^^^^^^^
  File "/home/u1/.local/lib/python3.11/site-packages/pdm/models/candidates.py", line 603, in metadata
    result = self.prepare_metadata()
             ^^^^^^^^^^^^^^^^^^^^^^^
  File "/home/u1/.local/lib/python3.11/site-packages/pdm/models/candidates.py", line 480, in prepare_metadata
    self._obtain(allow_all=True, unpack=False)
  File "/home/u1/.local/lib/python3.11/site-packages/pdm/models/candidates.py", line 434, in _obtain
    self.link = _find_best_match_link(
                ^^^^^^^^^^^^^^^^^^^^^^
  File "/home/u1/.local/lib/python3.11/site-packages/pdm/models/candidates.py", line 91, in _find_best_match_link
    best = finder.find_best_match(req.as_line(), hashes=hashes).best
           ^^^^^^^^^^^^^^^^^^^^^^^^^^^^^^^^^^^^^^^^^^^^^^^^^^^^
  File "/home/u1/.local/lib/python3.11/site-packages/unearth/finder.py", line 396, in find_best_match
    best_match = next(iter(applicable_candidates), None)
                 ^^^^^^^^^^^^^^^^^^^^^^^^^^^^^^^^^^^^^^^
  File "/home/u1/.local/lib/python3.11/site-packages/unearth/finder.py", line 329, in _find_packages_from_requirement
    yield from self._find_packages(requirement.name, allow_yanked)
               ^^^^^^^^^^^^^^^^^^^^^^^^^^^^^^^^^^^^^^^^^^^^^^^^^^^
  File "/home/u1/.local/lib/python3.11/site-packages/unearth/finder.py", line 295, in _find_packages
    return sorted(all_packages, key=self._sort_key, reverse=True)
           ^^^^^^^^^^^^^^^^^^^^^^^^^^^^^^^^^^^^^^^^^^^^^^^^^^^^^^
  File "/home/u1/.local/lib/python3.11/site-packages/unearth/collector.py", line 187, in collect_links_from_location
    yield from _collect_links_from_index(session, location)
               ^^^^^^^^^^^^^^^^^^^^^^^^^^^^^^^^^^^^^^^^^^^^
  File "/home/u1/.local/lib/python3.11/site-packages/unearth/collector.py", line 210, in _collect_links_from_index
    page = fetch_page(session, location, headers)
           ^^^^^^^^^^^^^^^^^^^^^^^^^^^^^^^^^^^^^^
  File "/home/u1/.local/lib/python3.11/site-packages/unearth/collector.py", line 195, in fetch_page
    resp = _get_html_response(session, location, headers)
           ^^^^^^^^^^^^^^^^^^^^^^^^^^^^^^^^^^^^^^^^^^^^^^
  File "/home/u1/.local/lib/python3.11/site-packages/unearth/collector.py", line 234, in _get_html_response
    resp = session.get(
           ^^^^^^^^^^^^
  File "/home/u1/.local/lib/python3.11/site-packages/httpx/_client.py", line 1054, in get
    return self.request(
           ^^^^^^^^^^^^^
  File "/home/u1/.local/lib/python3.11/site-packages/httpx/_client.py", line 827, in request
    return self.send(request, auth=auth, follow_redirects=follow_redirects)
           ^^^^^^^^^^^^^^^^^^^^^^^^^^^^^^^^^^^^^^^^^^^^^^^^^^^^^^^^^^^^^^^^
  File "/home/u1/.local/lib/python3.11/site-packages/httpx/_client.py", line 914, in send
    response = self._send_handling_auth(
               ^^^^^^^^^^^^^^^^^^^^^^^^^
  File "/home/u1/.local/lib/python3.11/site-packages/httpx/_client.py", line 942, in _send_handling_auth
    response = self._send_handling_redirects(
               ^^^^^^^^^^^^^^^^^^^^^^^^^^^^^^
  File "/home/u1/.local/lib/python3.11/site-packages/httpx/_client.py", line 979, in _send_handling_redirects
    response = self._send_single_request(request)
               ^^^^^^^^^^^^^^^^^^^^^^^^^^^^^^^^^^
  File "/home/u1/.local/lib/python3.11/site-packages/httpx/_client.py", line 1015, in _send_single_request
    response = transport.handle_request(request)
               ^^^^^^^^^^^^^^^^^^^^^^^^^^^^^^^^^
  File "/home/u1/.local/lib/python3.11/site-packages/hishel/_sync/_transports.py", line 114, in handle_request
    stored_data = self._storage.retrieve(key)
                  ^^^^^^^^^^^^^^^^^^^^^^^^^^^
  File "/home/u1/.local/lib/python3.11/site-packages/hishel/_sync/_storages.py", line 209, in retrieve
    return self._serializer.loads(read_data)
           ^^^^^^^^^^^^^^^^^^^^^^^^^^^^^^^^^
  File "/home/u1/.local/lib/python3.11/site-packages/pdm/models/session.py", line 102, in loads
    full_dict = cast("dict[str, Any]", msgpack.loads(data, raw=False))
                                       ^^^^^^^^^^^^^^^^^^^^^^^^^^^^^^
  File "msgpack/_unpacker.pyx", line 201, in msgpack._cmsgpack.unpackb
msgpack.exceptions.ExtraData: unpack(b) received extra data.
